[debug] [2019-09-18T04:27:26.105Z] ----------------------------------------------------------------------
[debug] [2019-09-18T04:27:26.105Z] Command:       C:\Program Files\nodejs\node.exe C:\Users\z016124\AppData\Roaming\npm\node_modules\firebase-tools\lib\bin\firebase.js init
[debug] [2019-09-18T04:27:26.105Z] CLI Version:   7.3.2
[debug] [2019-09-18T04:27:26.105Z] Platform:      win32
[debug] [2019-09-18T04:27:26.105Z] Node Version:  v8.12.0
[debug] [2019-09-18T04:27:26.105Z] Time:          Wed Sep 18 2019 09:57:26 GMT+0530 (India Standard Time)
[debug] [2019-09-18T04:27:26.105Z] ----------------------------------------------------------------------
[debug] 
[debug] [2019-09-18T04:27:26.120Z] > command requires scopes: ["email","openid","https://www.googleapis.com/auth/cloudplatformprojects.readonly","https://www.googleapis.com/auth/firebase","https://www.googleapis.com/auth/cloud-platform"]
[debug] [2019-09-18T04:27:26.120Z] > authorizing via signed-in user
[info] 
     ######## #### ########  ######## ########     ###     ######  ########
     ##        ##  ##     ## ##       ##     ##  ##   ##  ##       ##
     ######    ##  ########  ######   ########  #########  ######  ######
     ##        ##  ##    ##  ##       ##     ## ##     ##       ## ##
     ##       #### ##     ## ######## ########  ##     ##  ######  ########

You're about to initialize a Firebase project in this directory:

  C:\Users\z016124\Desktop\quicker-app

Before we get started, keep in mind:

  * You are initializing in an existing Firebase project directory

